#
# There is insufficient memory for the Java Runtime Environment to continue.
# Native memory allocation (mmap) failed to map 46661632 bytes for committing reserved memory.
# Possible reasons:
#   The system is out of physical RAM or swap space
#   In 32 bit mode, the process size limit was hit
# Possible solutions:
#   Reduce memory load on the system
#   Increase physical memory or swap space
#   Check if swap backing store is full
#   Use 64 bit Java on a 64 bit OS
#   Decrease Java heap size (-Xmx/-Xms)
#   Decrease number of Java threads
#   Decrease Java thread stack sizes (-Xss)
#   Set larger code cache with -XX:ReservedCodeCacheSize=
# This output file may be truncated or incomplete.
#
#  Out of Memory Error (os_linux.cpp:2643), pid=6212, tid=0x00007fdc1c1f9700
#
# JRE version: OpenJDK Runtime Environment (8.0_131-b11) (build 1.8.0_131-8u131-b11-2ubuntu1.17.04.3-b11)
# Java VM: OpenJDK 64-Bit Server VM (25.131-b11 mixed mode linux-amd64 compressed oops)
# Failed to write core dump. Core dumps have been disabled. To enable core dumping, try "ulimit -c unlimited" before starting Java again
#

---------------  T H R E A D  ---------------

Current thread (0x00007fdc2c073800):  VMThread [stack: 0x00007fdc1c0f9000,0x00007fdc1c1fa000] [id=6240]

Stack: [0x00007fdc1c0f9000,0x00007fdc1c1fa000],  sp=0x00007fdc1c1f84d0,  free space=1021k
Native frames: (J=compiled Java code, j=interpreted, Vv=VM code, C=native code)
V  [libjvm.so+0xa6fa00]  VMError::report_and_die()+0x160
V  [libjvm.so+0x4c7bdc]  report_vm_out_of_memory(char const*, int, unsigned long, VMErrorType, char const*)+0xac
V  [libjvm.so+0x8be7a0]  os::pd_commit_memory(char*, unsigned long, unsigned long, bool)+0xf0
V  [libjvm.so+0x8b8e2e]  os::commit_memory(char*, unsigned long, unsigned long, bool)+0x2e
V  [libjvm.so+0x93395e]  PSVirtualSpace::expand_by(unsigned long)+0x4e
V  [libjvm.so+0x934ce3]  PSYoungGen::resize(unsigned long, unsigned long)+0x103
V  [libjvm.so+0x931333]  PSScavenge::invoke_no_policy()+0x1503
V  [libjvm.so+0x9315dc]  PSScavenge::invoke()+0x4c
V  [libjvm.so+0x8e2f53]  ParallelScavengeHeap::failed_mem_allocate(unsigned long)+0x63
V  [libjvm.so+0xa71672]  VM_ParallelGCFailedAllocation::doit()+0x92
V  [libjvm.so+0xa767e7]  VM_Operation::evaluate()+0x47
V  [libjvm.so+0xa73f77]  VMThread::evaluate_operation(VM_Operation*) [clone .constprop.30]+0xe7
V  [libjvm.so+0xa753f6]  VMThread::loop()+0x246
V  [libjvm.so+0xa758f1]  VMThread::run()+0x81
V  [libjvm.so+0x8bbd32]  java_start(Thread*)+0xf2

VM_Operation (0x00007fdc35dcf150): ParallelGCFailedAllocation, mode: safepoint, requested by thread 0x00007fdc2c00a000


---------------  P R O C E S S  ---------------

Java Threads: ( => current thread )
  0x00007fdc2c0b0000 JavaThread "Service Thread" daemon [_thread_blocked, id=6246, stack(0x00007fdc0f71e000,0x00007fdc0f81f000)]
  0x00007fdc2c0ad000 JavaThread "C1 CompilerThread1" daemon [_thread_blocked, id=6245, stack(0x00007fdc0f81f000,0x00007fdc0f920000)]
  0x00007fdc2c0aa800 JavaThread "C2 CompilerThread0" daemon [_thread_blocked, id=6244, stack(0x00007fdc0f920000,0x00007fdc0fa21000)]
  0x00007fdc2c0a8000 JavaThread "Signal Dispatcher" daemon [_thread_blocked, id=6243, stack(0x00007fdc0fa21000,0x00007fdc0fb22000)]
  0x00007fdc2c07f800 JavaThread "Finalizer" daemon [_thread_blocked, id=6242, stack(0x00007fdc0fdfe000,0x00007fdc0feff000)]
  0x00007fdc2c07b000 JavaThread "Reference Handler" daemon [_thread_blocked, id=6241, stack(0x00007fdc0feff000,0x00007fdc10000000)]
  0x00007fdc2c00a000 JavaThread "main" [_thread_blocked, id=6237, stack(0x00007fdc35cd1000,0x00007fdc35dd2000)]

Other Threads:
=>0x00007fdc2c073800 VMThread [stack: 0x00007fdc1c0f9000,0x00007fdc1c1fa000] [id=6240]
  0x00007fdc2c0bf000 WatcherThread [stack: 0x00007fdc0f61d000,0x00007fdc0f71e000] [id=6247]

VM state:at safepoint (normal execution)

VM Mutex/Monitor currently owned by a thread:  ([mutex/lock_event])
[0x00007fdc2c0064a0] Threads_lock - owner thread: 0x00007fdc2c073800
[0x00007fdc2c0069a0] Heap_lock - owner thread: 0x00007fdc2c00a000

Heap:
 PSYoungGen      total 144896K, used 23037K [0x00000000f0580000, 0x00000000fac80000, 0x0000000100000000)
  eden space 121856K, 0% used [0x00000000f0580000,0x00000000f0580000,0x00000000f7c80000)
  from space 23040K, 99% used [0x00000000f7c80000,0x00000000f92ff4f8,0x00000000f9300000)
  to   space 17920K, 0% used [0x00000000f9300000,0x00000000f9300000,0x00000000fa480000)
 ParOldGen       total 69632K, used 44452K [0x00000000d1000000, 0x00000000d5400000, 0x00000000f0580000)
  object space 69632K, 63% used [0x00000000d1000000,0x00000000d3b692a0,0x00000000d5400000)
 Metaspace       used 27143K, capacity 28068K, committed 28160K, reserved 1075200K
  class space    used 3158K, capacity 3324K, committed 3328K, reserved 1048576K

Card table byte_map: [0x00007fdc321fb000,0x00007fdc32374000] byte_map_base: 0x00007fdc31b73000

Marking Bits: (ParMarkBitMap*) 0x00007fdc34f962c0
 Begin Bits: [0x00007fdc3077e000, 0x00007fdc3133e000)
 End Bits:   [0x00007fdc3133e000, 0x00007fdc31efe000)

Polling page: 0x00007fdc35de8000

CodeCache: size=245760Kb used=13141Kb max_used=13412Kb free=232618Kb
 bounds [0x00007fdc1d000000, 0x00007fdc1dd30000, 0x00007fdc2c000000]
 total_blobs=4854 nmethods=4445 adapters=322
 compilation: enabled

Compilation events (10 events):
Event: 14,661 Thread 0x00007fdc2c0aa800 4821       4       java.util.zip.ZipFile$ZipFileInflaterInputStream::finalize (5 bytes)
Event: 14,662 Thread 0x00007fdc2c0aa800 nmethod 4821 0x00007fdc1d646cd0 code [0x00007fdc1d646e20, 0x00007fdc1d646ea8]
Event: 14,953 Thread 0x00007fdc2c0aa800 4822       4       java.util.jar.JarOutputStream::putNextEntry (81 bytes)
Event: 14,954 Thread 0x00007fdc2c0aa800 nmethod 4822 0x00007fdc1d92ee10 code [0x00007fdc1d92ef60, 0x00007fdc1d92f008]
Event: 15,146 Thread 0x00007fdc2c0ad000 4823       3       sun.util.calendar.BaseCalendar::normalizeMonth (117 bytes)
Event: 15,147 Thread 0x00007fdc2c0ad000 nmethod 4823 0x00007fdc1d5e6c50 code [0x00007fdc1d5e6e20, 0x00007fdc1d5e7768]
Event: 15,147 Thread 0x00007fdc2c0ad000 4824       3       sun.util.calendar.Gregorian::getCalendarDate (7 bytes)
Event: 15,147 Thread 0x00007fdc2c0ad000 nmethod 4824 0x00007fdc1d25de10 code [0x00007fdc1d25dfa0, 0x00007fdc1d25e288]
Event: 15,925 Thread 0x00007fdc2c0ad000 4825       3       org.apache.maven.plugins.shade.DefaultShader::resourceTransformed (111 bytes)
Event: 15,932 Thread 0x00007fdc2c0ad000 nmethod 4825 0x00007fdc1d12ced0 code [0x00007fdc1d12d160, 0x00007fdc1d12e458]

GC Heap History (10 events):
Event: 7,663 GC heap after
Heap after GC invocations=12 (full 1):
 PSYoungGen      total 83968K, used 6655K [0x00000000f0580000, 0x00000000f7900000, 0x0000000100000000)
  eden space 77312K, 0% used [0x00000000f0580000,0x00000000f0580000,0x00000000f5100000)
  from space 6656K, 99% used [0x00000000f5100000,0x00000000f577fc10,0x00000000f5780000)
  to   space 8704K, 0% used [0x00000000f7080000,0x00000000f7080000,0x00000000f7900000)
 ParOldGen       total 33280K, used 14937K [0x00000000d1000000, 0x00000000d3080000, 0x00000000f0580000)
  object space 33280K, 44% used [0x00000000d1000000,0x00000000d1e96680,0x00000000d3080000)
 Metaspace       used 23399K, capacity 24054K, committed 24192K, reserved 1071104K
  class space    used 2708K, capacity 2830K, committed 2944K, reserved 1048576K
}
Event: 12,596 GC heap before
{Heap before GC invocations=13 (full 1):
 PSYoungGen      total 83968K, used 83967K [0x00000000f0580000, 0x00000000f7900000, 0x0000000100000000)
  eden space 77312K, 100% used [0x00000000f0580000,0x00000000f5100000,0x00000000f5100000)
  from space 6656K, 99% used [0x00000000f5100000,0x00000000f577fc10,0x00000000f5780000)
  to   space 8704K, 0% used [0x00000000f7080000,0x00000000f7080000,0x00000000f7900000)
 ParOldGen       total 33280K, used 14937K [0x00000000d1000000, 0x00000000d3080000, 0x00000000f0580000)
  object space 33280K, 44% used [0x00000000d1000000,0x00000000d1e96680,0x00000000d3080000)
 Metaspace       used 27137K, capacity 28068K, committed 28160K, reserved 1075200K
  class space    used 3158K, capacity 3324K, committed 3328K, reserved 1048576K
Event: 12,641 GC heap after
Heap after GC invocations=13 (full 1):
 PSYoungGen      total 105984K, used 8698K [0x00000000f0580000, 0x00000000f7e80000, 0x0000000100000000)
  eden space 97280K, 0% used [0x00000000f0580000,0x00000000f0580000,0x00000000f6480000)
  from space 8704K, 99% used [0x00000000f7080000,0x00000000f78feaa0,0x00000000f7900000)
  to   space 12288K, 0% used [0x00000000f6480000,0x00000000f6480000,0x00000000f7080000)
 ParOldGen       total 33280K, used 21786K [0x00000000d1000000, 0x00000000d3080000, 0x00000000f0580000)
  object space 33280K, 65% used [0x00000000d1000000,0x00000000d2546948,0x00000000d3080000)
 Metaspace       used 27137K, capacity 28068K, committed 28160K, reserved 1075200K
  class space    used 3158K, capacity 3324K, committed 3328K, reserved 1048576K
}
Event: 13,510 GC heap before
{Heap before GC invocations=14 (full 1):
 PSYoungGen      total 105984K, used 105978K [0x00000000f0580000, 0x00000000f7e80000, 0x0000000100000000)
  eden space 97280K, 100% used [0x00000000f0580000,0x00000000f6480000,0x00000000f6480000)
  from space 8704K, 99% used [0x00000000f7080000,0x00000000f78feaa0,0x00000000f7900000)
  to   space 12288K, 0% used [0x00000000f6480000,0x00000000f6480000,0x00000000f7080000)
 ParOldGen       total 33280K, used 21786K [0x00000000d1000000, 0x00000000d3080000, 0x00000000f0580000)
  object space 33280K, 65% used [0x00000000d1000000,0x00000000d2546948,0x00000000d3080000)
 Metaspace       used 27143K, capacity 28068K, committed 28160K, reserved 1075200K
  class space    used 3158K, capacity 3324K, committed 3328K, reserved 1048576K
Event: 13,535 GC heap after
Heap after GC invocations=14 (full 1):
 PSYoungGen      total 109568K, used 12276K [0x00000000f0580000, 0x00000000fa480000, 0x0000000100000000)
  eden space 97280K, 0% used [0x00000000f0580000,0x00000000f0580000,0x00000000f6480000)
  from space 12288K, 99% used [0x00000000f6480000,0x00000000f707d390,0x00000000f7080000)
  to   space 17920K, 0% used [0x00000000f9300000,0x00000000f9300000,0x00000000fa480000)
 ParOldGen       total 33280K, used 31618K [0x00000000d1000000, 0x00000000d3080000, 0x00000000f0580000)
  object space 33280K, 95% used [0x00000000d1000000,0x00000000d2ee09b8,0x00000000d3080000)
 Metaspace       used 27143K, capacity 28068K, committed 28160K, reserved 1075200K
  class space    used 3158K, capacity 3324K, committed 3328K, reserved 1048576K
}
Event: 13,536 GC heap before
{Heap before GC invocations=15 (full 2):
 PSYoungGen      total 109568K, used 12276K [0x00000000f0580000, 0x00000000fa480000, 0x0000000100000000)
  eden space 97280K, 0% used [0x00000000f0580000,0x00000000f0580000,0x00000000f6480000)
  from space 12288K, 99% used [0x00000000f6480000,0x00000000f707d390,0x00000000f7080000)
  to   space 17920K, 0% used [0x00000000f9300000,0x00000000f9300000,0x00000000fa480000)
 ParOldGen       total 33280K, used 31618K [0x00000000d1000000, 0x00000000d3080000, 0x00000000f0580000)
  object space 33280K, 95% used [0x00000000d1000000,0x00000000d2ee09b8,0x00000000d3080000)
 Metaspace       used 27143K, capacity 28068K, committed 28160K, reserved 1075200K
  class space    used 3158K, capacity 3324K, committed 3328K, reserved 1048576K
Event: 13,743 GC heap after
Heap after GC invocations=15 (full 2):
 PSYoungGen      total 109568K, used 4319K [0x00000000f0580000, 0x00000000fa480000, 0x0000000100000000)
  eden space 97280K, 0% used [0x00000000f0580000,0x00000000f0580000,0x00000000f6480000)
  from space 12288K, 35% used [0x00000000f6480000,0x00000000f68b7c48,0x00000000f7080000)
  to   space 17920K, 0% used [0x00000000f9300000,0x00000000f9300000,0x00000000fa480000)
 ParOldGen       total 69632K, used 33125K [0x00000000d1000000, 0x00000000d5400000, 0x00000000f0580000)
  object space 69632K, 47% used [0x00000000d1000000,0x00000000d3059628,0x00000000d5400000)
 Metaspace       used 27143K, capacity 28068K, committed 28160K, reserved 1075200K
  class space    used 3158K, capacity 3324K, committed 3328K, reserved 1048576K
}
Event: 14,628 GC heap before
{Heap before GC invocations=16 (full 2):
 PSYoungGen      total 109568K, used 101599K [0x00000000f0580000, 0x00000000fa480000, 0x0000000100000000)
  eden space 97280K, 100% used [0x00000000f0580000,0x00000000f6480000,0x00000000f6480000)
  from space 12288K, 35% used [0x00000000f6480000,0x00000000f68b7c48,0x00000000f7080000)
  to   space 17920K, 0% used [0x00000000f9300000,0x00000000f9300000,0x00000000fa480000)
 ParOldGen       total 69632K, used 33125K [0x00000000d1000000, 0x00000000d5400000, 0x00000000f0580000)
  object space 69632K, 47% used [0x00000000d1000000,0x00000000d3059628,0x00000000d5400000)
 Metaspace       used 27143K, capacity 28068K, committed 28160K, reserved 1075200K
  class space    used 3158K, capacity 3324K, committed 3328K, reserved 1048576K
Event: 14,656 GC heap after
Heap after GC invocations=16 (full 2):
 PSYoungGen      total 139776K, used 17904K [0x00000000f0580000, 0x00000000fac80000, 0x0000000100000000)
  eden space 121856K, 0% used [0x00000000f0580000,0x00000000f0580000,0x00000000f7c80000)
  from space 17920K, 99% used [0x00000000f9300000,0x00000000fa47c2a0,0x00000000fa480000)
  to   space 23040K, 0% used [0x00000000f7c80000,0x00000000f7c80000,0x00000000f9300000)
 ParOldGen       total 69632K, used 39100K [0x00000000d1000000, 0x00000000d5400000, 0x00000000f0580000)
  object space 69632K, 56% used [0x00000000d1000000,0x00000000d362f310,0x00000000d5400000)
 Metaspace       used 27143K, capacity 28068K, committed 28160K, reserved 1075200K
  class space    used 3158K, capacity 3324K, committed 3328K, reserved 1048576K
}
Event: 15,952 GC heap before
{Heap before GC invocations=17 (full 2):
 PSYoungGen      total 139776K, used 139760K [0x00000000f0580000, 0x00000000fac80000, 0x0000000100000000)
  eden space 121856K, 100% used [0x00000000f0580000,0x00000000f7c80000,0x00000000f7c80000)
  from space 17920K, 99% used [0x00000000f9300000,0x00000000fa47c2a0,0x00000000fa480000)
  to   space 23040K, 0% used [0x00000000f7c80000,0x00000000f7c80000,0x00000000f9300000)
 ParOldGen       total 69632K, used 39100K [0x00000000d1000000, 0x00000000d5400000, 0x00000000f0580000)
  object space 69632K, 56% used [0x00000000d1000000,0x00000000d362f310,0x00000000d5400000)
 Metaspace       used 27143K, capacity 28068K, committed 28160K, reserved 1075200K
  class space    used 3158K, capacity 3324K, committed 3328K, reserved 1048576K

Deoptimization events (10 events):
Event: 8,895 Thread 0x00007fdc2c00a000 Uncommon trap: reason=class_check action=maybe_recompile pc=0x00007fdc1d88c600 method=java.util.Hashtable.addEntry(ILjava/lang/Object;Ljava/lang/Object;I)V @ 38
Event: 8,895 Thread 0x00007fdc2c00a000 Uncommon trap: reason=unstable_if action=reinterpret pc=0x00007fdc1dbd8468 method=java.lang.StringCoding.encode(Ljava/lang/String;[CII)[B @ 38
Event: 8,914 Thread 0x00007fdc2c00a000 Uncommon trap: reason=class_check action=maybe_recompile pc=0x00007fdc1d88c600 method=java.util.Hashtable.addEntry(ILjava/lang/Object;Ljava/lang/Object;I)V @ 38
Event: 10,516 Thread 0x00007fdc2c00a000 Uncommon trap: reason=class_check action=maybe_recompile pc=0x00007fdc1d89c660 method=java.util.Hashtable.get(Ljava/lang/Object;)Ljava/lang/Object; @ 6
Event: 10,516 Thread 0x00007fdc2c00a000 Uncommon trap: reason=class_check action=maybe_recompile pc=0x00007fdc1d89c660 method=java.util.Hashtable.get(Ljava/lang/Object;)Ljava/lang/Object; @ 6
Event: 10,516 Thread 0x00007fdc2c00a000 Uncommon trap: reason=class_check action=maybe_recompile pc=0x00007fdc1d89c660 method=java.util.Hashtable.get(Ljava/lang/Object;)Ljava/lang/Object; @ 6
Event: 10,516 Thread 0x00007fdc2c00a000 Uncommon trap: reason=class_check action=maybe_recompile pc=0x00007fdc1d89c660 method=java.util.Hashtable.get(Ljava/lang/Object;)Ljava/lang/Object; @ 6
Event: 10,689 Thread 0x00007fdc2c00a000 Uncommon trap: reason=unstable_if action=reinterpret pc=0x00007fdc1dc2e7b4 method=java.util.regex.Pattern$Curly.match(Ljava/util/regex/Matcher;ILjava/lang/CharSequence;)Z @ 45
Event: 10,904 Thread 0x00007fdc2c00a000 Uncommon trap: reason=bimorphic action=maybe_recompile pc=0x00007fdc1d66de00 method=java.util.regex.Pattern$CharProperty.match(Ljava/util/regex/Matcher;ILjava/lang/CharSequence;)Z @ 37
Event: 12,721 Thread 0x00007fdc2c00a000 Uncommon trap: reason=unstable_if action=reinterpret pc=0x00007fdc1dd04e40 method=sun.util.calendar.ZoneInfo.getOffsets(J[II)I @ 128

Internal exceptions (10 events):
Event: 6,530 Thread 0x00007fdc2c00a000 Exception <a 'java/io/FileNotFoundException'> (0x00000000f2ccbe30) thrown at [/build/openjdk-8-ugc2Ph/openjdk-8-8u131-b11/src/hotspot/src/share/vm/prims/jni.cpp, line 709]
Event: 6,615 Thread 0x00007fdc2c00a000 Exception <a 'java/io/FileNotFoundException'> (0x00000000f3202bf0) thrown at [/build/openjdk-8-ugc2Ph/openjdk-8-8u131-b11/src/hotspot/src/share/vm/prims/jni.cpp, line 709]
Event: 10,856 Thread 0x00007fdc2c00a000 Exception <a 'java/lang/NoClassDefFoundError': org/sonatype/aether/metadata/Metadata> (0x00000000f3c9c650) thrown at [/build/openjdk-8-ugc2Ph/openjdk-8-8u131-b11/src/hotspot/src/share/vm/classfile/systemDictionary.cpp, line 199]
Event: 10,858 Thread 0x00007fdc2c00a000 Exception <a 'java/lang/NoClassDefFoundError': org/sonatype/aether/deployment/DeploymentException> (0x00000000f3cacb90) thrown at [/build/openjdk-8-ugc2Ph/openjdk-8-8u131-b11/src/hotspot/src/share/vm/classfile/systemDictionary.cpp, line 199]
Event: 10,863 Thread 0x00007fdc2c00a000 Exception <a 'java/lang/NoClassDefFoundError': org/sonatype/aether/version/VersionConstraint> (0x00000000f3cdca30) thrown at [/build/openjdk-8-ugc2Ph/openjdk-8-8u131-b11/src/hotspot/src/share/vm/classfile/systemDictionary.cpp, line 199]
Event: 10,865 Thread 0x00007fdc2c00a000 Exception <a 'java/lang/NoClassDefFoundError': org/sonatype/aether/resolution/ArtifactDescriptorException> (0x00000000f3cf7508) thrown at [/build/openjdk-8-ugc2Ph/openjdk-8-8u131-b11/src/hotspot/src/share/vm/classfile/systemDictionary.cpp, line 199]
Event: 10,880 Thread 0x00007fdc2c00a000 Exception <a 'java/lang/NoClassDefFoundError': org/sonatype/aether/installation/InstallationException> (0x00000000f3da2290) thrown at [/build/openjdk-8-ugc2Ph/openjdk-8-8u131-b11/src/hotspot/src/share/vm/classfile/systemDictionary.cpp, line 199]
Event: 10,881 Thread 0x00007fdc2c00a000 Exception <a 'java/lang/NoClassDefFoundError': org/sonatype/aether/metadata/Metadata> (0x00000000f3dae340) thrown at [/build/openjdk-8-ugc2Ph/openjdk-8-8u131-b11/src/hotspot/src/share/vm/classfile/systemDictionary.cpp, line 199]
Event: 10,882 Thread 0x00007fdc2c00a000 Exception <a 'java/lang/NoClassDefFoundError': org/sonatype/aether/resolution/ArtifactResolutionException> (0x00000000f3dc3810) thrown at [/build/openjdk-8-ugc2Ph/openjdk-8-8u131-b11/src/hotspot/src/share/vm/classfile/systemDictionary.cpp, line 199]
Event: 10,898 Thread 0x00007fdc2c00a000 Exception <a 'java/lang/NoClassDefFoundError': org/sonatype/aether/collection/DependencyCollectionException> (0x00000000f3e7d8b8) thrown at [/build/openjdk-8-ugc2Ph/openjdk-8-8u131-b11/src/hotspot/src/share/vm/classfile/systemDictionary.cpp, line 199]

Events (10 events):
Event: 13,756 Thread 0x00007fdc2c0aa800 flushing nmethod 0x00007fdc1d8d3990
Event: 13,760 Thread 0x00007fdc2c0aa800 flushing nmethod 0x00007fdc1d916310
Event: 13,760 Thread 0x00007fdc2c0aa800 flushing nmethod 0x00007fdc1d92ee10
Event: 13,760 Thread 0x00007fdc2c0aa800 flushing nmethod 0x00007fdc1d9572d0
Event: 14,628 Executing VM operation: ParallelGCFailedAllocation
Event: 14,656 Executing VM operation: ParallelGCFailedAllocation done
Event: 14,660 Thread 0x00007fdc2c0ad000 flushing nmethod 0x00007fdc1d12cbd0
Event: 14,660 Thread 0x00007fdc2c0ad000 flushing nmethod 0x00007fdc1d137cd0
Event: 14,662 Thread 0x00007fdc2c0aa800 flushing nmethod 0x00007fdc1d1b2d50
Event: 15,948 Executing VM operation: ParallelGCFailedAllocation


Dynamic libraries:
d1000000-d5400000 rw-p 00000000 00:00 0 
d5400000-f0580000 ---p 00000000 00:00 0 
f0580000-fac80000 rw-p 00000000 00:00 0 
fd900000-100000000 ---p 00000000 00:00 0 
100000000-100340000 rw-p 00000000 00:00 0 
100340000-140000000 ---p 00000000 00:00 0 
55e589956000-55e589957000 r-xp 00000000 08:01 662676                     /usr/lib/jvm/java-8-openjdk-amd64/jre/bin/java
55e589b56000-55e589b57000 r--p 00000000 08:01 662676                     /usr/lib/jvm/java-8-openjdk-amd64/jre/bin/java
55e589b57000-55e589b58000 rw-p 00001000 08:01 662676                     /usr/lib/jvm/java-8-openjdk-amd64/jre/bin/java
55e589d5c000-55e589d7d000 rw-p 00000000 00:00 0                          [heap]
7fdbec000000-7fdbec021000 rw-p 00000000 00:00 0 
7fdbec021000-7fdbf0000000 ---p 00000000 00:00 0 
7fdbf0fff000-7fdbf4000000 rw-p 00000000 00:00 0 
7fdbf4000000-7fdbf51c1000 rw-p 00000000 00:00 0 
7fdbf51c1000-7fdbf8000000 ---p 00000000 00:00 0 
7fdbf8000000-7fdbf8021000 rw-p 00000000 00:00 0 
7fdbf8021000-7fdbfc000000 ---p 00000000 00:00 0 
7fdbfc000000-7fdbfc021000 rw-p 00000000 00:00 0 
7fdbfc021000-7fdc00000000 ---p 00000000 00:00 0 
7fdc00000000-7fdc00021000 rw-p 00000000 00:00 0 
7fdc00021000-7fdc04000000 ---p 00000000 00:00 0 
7fdc04000000-7fdc057ef000 rw-p 00000000 00:00 0 
7fdc057ef000-7fdc08000000 ---p 00000000 00:00 0 
7fdc08000000-7fdc08021000 rw-p 00000000 00:00 0 
7fdc08021000-7fdc0c000000 ---p 00000000 00:00 0 
7fdc0ddad000-7fdc0dded000 rw-p 00000000 00:00 0 
7fdc0dded000-7fdc0dfad000 ---p 00000000 00:00 0 
7fdc0dfad000-7fdc0e1ad000 rw-p 00000000 00:00 0 
7fdc0e1ad000-7fdc0e3ad000 rw-p 00000000 00:00 0 
7fdc0e3de000-7fdc0e5de000 rw-p 00000000 00:00 0 
7fdc0e5de000-7fdc0e7de000 rw-p 00000000 00:00 0 
7fdc0e7de000-7fdc0e9de000 rw-p 00000000 00:00 0 
7fdc0eaaf000-7fdc0eab9000 r--s 000eb000 08:01 795330                     /home/novabase/.m2/repository/mysql/mysql-connector-java/5.1.44/mysql-connector-java-5.1.44.jar
7fdc0eab9000-7fdc0eae5000 r--s 00208000 08:01 145998                     /home/novabase/.m2/repository/com/google/guava/guava/19.0/guava-19.0.jar
7fdc0eae5000-7fdc0eae6000 r--s 0000b000 08:01 145997                     /home/novabase/.m2/repository/org/ow2/asm/asm-util/6.0_BETA/asm-util-6.0_BETA.jar
7fdc0eae6000-7fdc0eae8000 r--s 00004000 08:01 1183435                    /home/novabase/.m2/repository/org/ow2/asm/asm-analysis/6.0_BETA/asm-analysis-6.0_BETA.jar
7fdc0eae8000-7fdc0eaea000 r--s 00004000 08:01 1064031                    /home/novabase/.m2/repository/org/vafer/jdependency/1.2/jdependency-1.2.jar
7fdc0eaea000-7fdc0eaee000 r--s 0001d000 08:01 297559                     /home/novabase/.m2/repository/org/eclipse/aether/aether-util/0.9.0.M2/aether-util-0.9.0.M2.jar
7fdc0eaee000-7fdc0eaf1000 r--s 0000d000 08:01 145991                     /home/novabase/.m2/repository/org/apache/maven/shared/maven-dependency-tree/2.2/maven-dependency-tree-2.2.jar
7fdc0eaf1000-7fdc0eaf3000 r--s 00023000 08:01 933945                     /home/novabase/.m2/repository/org/jdom/jdom/1.1.3/jdom-1.1.3.jar
7fdc0eaf3000-7fdc0eaf5000 r--s 00007000 08:01 933943                     /home/novabase/.m2/repository/org/ow2/asm/asm-tree/6.0_BETA/asm-tree-6.0_BETA.jar
7fdc0eaf5000-7fdc0eaf7000 r--s 0000b000 08:01 795287                     /home/novabase/.m2/repository/org/ow2/asm/asm-commons/6.0_BETA/asm-commons-6.0_BETA.jar
7fdc0eaf7000-7fdc0eaf8000 r--s 0000d000 08:01 145990                     /home/novabase/.m2/repository/org/ow2/asm/asm/6.0_BETA/asm-6.0_BETA.jar
7fdc0eaf8000-7fdc0eafe000 r--s 00033000 08:01 417999                     /home/novabase/.m2/repository/commons-codec/commons-codec/1.6/commons-codec-1.6.jar
7fdc0eafe000-7fdc0eb01000 r--s 0000d000 08:01 145992                     /home/novabase/.m2/repository/org/apache/maven/shared/maven-common-artifact-filters/3.0.1/maven-common-artifact-filters-3.0.1.jar
7fdc0eb01000-7fdc0eb06000 r--s 0001a000 08:01 145988                     /home/novabase/.m2/repository/org/apache/maven/shared/maven-artifact-transfer/0.9.1/maven-artifact-transfer-0.9.1.jar
7fdc0eb06000-7fdc0eb0a000 r--s 00039000 08:01 1063633                    /home/novabase/.m2/repository/org/codehaus/plexus/plexus-utils/3.0.24/plexus-utils-3.0.24.jar
7fdc0eb0a000-7fdc0eb0c000 r--s 0001a000 08:01 145945                     /home/novabase/.m2/repository/org/apache/maven/plugins/maven-shade-plugin/3.1.0/maven-shade-plugin-3.1.0.jar
7fdc0eb0c000-7fdc0eb0e000 r--s 00007000 08:01 795366                     /home/novabase/.m2/repository/org/apache/maven/shared/maven-filtering/1.0-beta-2/maven-filtering-1.0-beta-2.jar
7fdc0eb0e000-7fdc0eb10000 r--s 00005000 08:01 1341809                    /home/novabase/.m2/repository/xpp3/xpp3_min/1.1.4c/xpp3_min-1.1.4c.jar
7fdc0eb10000-7fdc0eb1b000 r--s 0005f000 08:01 144707                     /home/novabase/.m2/repository/com/thoughtworks/xstream/xstream/1.3.1/xstream-1.3.1.jar
7fdc0eb1b000-7fdc0eb1d000 r--s 0000d000 08:01 1180872                    /home/novabase/.m2/repository/org/codehaus/plexus/plexus-interpolation/1.15/plexus-interpolation-1.15.jar
7fdc0eb1d000-7fdc0eb22000 r--s 00029000 08:01 1180874                    /home/novabase/.m2/repository/org/codehaus/plexus/plexus-archiver/2.1/plexus-archiver-2.1.jar
7fdc0eb22000-7fdc0eb25000 r--s 0000c000 08:01 1180877                    /home/novabase/.m2/repository/org/codehaus/plexus/plexus-io/2.0.2/plexus-io-2.0.2.jar
7fdc0eb25000-7fdc0eb27000 r--s 00004000 08:01 795047                     /home/novabase/.m2/repository/org/apache/maven/maven-archiver/2.5/maven-archiver-2.5.jar
7fdc0eb27000-7fdc0eb2a000 r--s 00011000 08:01 1341797                    /home/novabase/.m2/repository/org/apache/maven/plugins/maven-war-plugin/2.2/maven-war-plugin-2.2.jar
7fdc0eb2a000-7fdc0eb2b000 r--s 00003000 08:01 795023                     /home/novabase/.m2/repository/org/apache/maven/plugin-tools/maven-plugin-annotations/3.2/maven-plugin-annotations-3.2.jar
7fdc0eb2b000-7fdc0eb2f000 r--s 00020000 08:01 1063681                    /home/novabase/.m2/repository/org/apache/maven/surefire/surefire-api/2.17/surefire-api-2.17.jar
7fdc0eb2f000-7fdc0eb35000 r--s 00048000 08:01 536704                     /home/novabase/.m2/repository/org/apache/commons/commons-lang3/3.1/commons-lang3-3.1.jar
7fdc0eb35000-7fdc0eb36000 r--s 00002000 08:01 1063677                    /home/novabase/.m2/repository/org/apache/maven/reporting/maven-reporting-api/2.0.9/maven-reporting-api-2.0.9.jar
7fdc0eb36000-7fdc0eb3a000 r--s 00030000 08:01 297313                     /home/novabase/.m2/repository/org/codehaus/plexus/plexus-utils/1.5.1/plexus-utils-1.5.1.jar
7fdc0eb3a000-7fdc0eb3c000 r--s 00008000 08:01 1063672                    /home/novabase/.m2/repository/org/apache/maven/surefire/surefire-booter/2.17/surefire-booter-2.17.jar
7fdc0eb3c000-7fdc0eb41000 r--s 0003c000 08:01 536682                     /home/novabase/.m2/repository/org/apache/maven/surefire/maven-surefire-common/2.17/maven-surefire-common-2.17.jar
7fdc0eb41000-7fdc0eb43000 r--s 00007000 08:01 794962                     /home/novabase/.m2/repository/org/apache/maven/plugins/maven-surefire-plugin/2.17/maven-surefire-plugin-2.17.jar
7fdc0eb43000-7fdc0ebbc000 r--s 010fd000 08:01 662744                     /usr/lib/jvm/java-8-openjdk-amd64/lib/tools.jar
7fdc0ebbc000-7fdc0ebbd000 r--s 00004000 08:01 145937                     /home/novabase/.m2/repository/org/codehaus/plexus/plexus-compiler-javac/2.8.1/plexus-compiler-javac-2.8.1.jar
7fdc0ebbd000-7fdc0ebbf000 r--s 00000000 08:01 145935                     /home/novabase/.m2/repository/org/codehaus/plexus/plexus-compiler-manager/2.8.1/plexus-compiler-manager-2.8.1.jar
7fdc0ebbf000-7fdc0ebc1000 r--s 00005000 08:01 145931                     /home/novabase/.m2/repository/org/codehaus/plexus/plexus-compiler-api/2.8.1/plexus-compiler-api-2.8.1.jar
7fdc0ebc1000-7fdc0ebc8000 r--s 00046000 08:01 145933                     /home/novabase/.m2/repository/com/thoughtworks/qdox/qdox/2.0-M5/qdox-2.0-M5.jar
7fdc0ebc8000-7fdc0ebca000 r--s 0000c000 08:01 145929                     /home/novabase/.m2/repository/org/ow2/asm/asm/6.0_ALPHA/asm-6.0_ALPHA.jar
7fdc0ebca000-7fdc0ebcc000 r--s 00002000 08:01 536634                     /home/novabase/.m2/repository/org/apache/maven/shared/maven-shared-incremental/1.1/maven-shared-incremental-1.1.jar
7fdc0ebcc000-7fdc0ebd0000 r--s 0002f000 08:01 933694                     /home/novabase/.m2/repository/commons-io/commons-io/2.5/commons-io-2.5.jar
7fdc0ebd0000-7fdc0ebd3000 r--s 00025000 08:01 145927                     /home/novabase/.m2/repository/org/apache/maven/shared/maven-shared-utils/3.1.0/maven-shared-utils-3.1.0.jar
7fdc0ebd3000-7fdc0ebd5000 r--s 00002000 08:01 1063629                    /home/novabase/.m2/repository/org/sonatype/plexus/plexus-cipher/1.4/plexus-cipher-1.4.jar
7fdc0ebd5000-7fdc0ebd6000 r--s 00006000 08:01 297275                     /home/novabase/.m2/repository/org/sonatype/plexus/plexus-sec-dispatcher/1.3/plexus-sec-dispatcher-1.3.jar
7fdc0ebd6000-7fdc0ebd8000 r--s 00000000 08:01 1180649                    /home/novabase/.m2/repository/org/codehaus/plexus/plexus-component-annotations/1.6/plexus-component-annotations-1.6.jar
7fdc0ebd8000-7fdc0ebda000 r--s 0000d000 08:01 1180791                    /home/novabase/.m2/repository/org/codehaus/plexus/plexus-interpolation/1.14/plexus-interpolation-1.14.jar
7fdc0ebda000-7fdc0ebde000 r--s 00017000 08:01 794994                     /home/novabase/.m2/repository/org/sonatype/aether/aether-util/1.7/aether-util-1.7.jar
7fdc0ebde000-7fdc0ebe2000 r--s 00033000 08:01 1180786                    /home/novabase/.m2/repository/org/codehaus/plexus/plexus-utils/2.0.4/plexus-utils-2.0.4.jar
7fdc0ebe2000-7fdc0ebed000 r--s 00069000 08:01 1452553                    /home/novabase/.m2/repository/org/sonatype/sisu/sisu-guice/2.1.7/sisu-guice-2.1.7-noaop.jar
7fdc0ebed000-7fdc0ebf2000 r--s 00021000 08:01 1452551                    /home/novabase/.m2/repository/org/sonatype/sisu/sisu-inject-bean/1.4.2/sisu-inject-bean-1.4.2.jar
7fdc0ebf2000-7fdc0ec03000 r-xp 00000000 08:01 790191                     /usr/lib/jvm/java-8-openjdk-amd64/jre/lib/amd64/libnio.so
7fdc0ec03000-7fdc0ee03000 ---p 00011000 08:01 790191                     /usr/lib/jvm/java-8-openjdk-amd64/jre/lib/amd64/libnio.so
7fdc0ee03000-7fdc0ee04000 r--p 00011000 08:01 790191                     /usr/lib/jvm/java-8-openjdk-amd64/jre/lib/amd64/libnio.so
7fdc0ee04000-7fdc0ee05000 rw-p 00012000 08:01 790191                     /usr/lib/jvm/java-8-openjdk-amd64/jre/lib/amd64/libnio.so
7fdc0ee05000-7fdc0ee1c000 r-xp 00000000 08:01 790190                     /usr/lib/jvm/java-8-openjdk-amd64/jre/lib/amd64/libnet.so
7fdc0ee1c000-7fdc0f01b000 ---p 00017000 08:01 790190                     /usr/lib/jvm/java-8-openjdk-amd64/jre/lib/amd64/libnet.so
7fdc0f01b000-7fdc0f01c000 r--p 00016000 08:01 790190                     /usr/lib/jvm/java-8-openjdk-amd64/jre/lib/amd64/libnet.so
7fdc0f01c000-7fdc0f01d000 rw-p 00017000 08:01 790190                     /usr/lib/jvm/java-8-openjdk-amd64/jre/lib/amd64/libnet.so
7fdc0f01d000-7fdc0f21d000 rw-p 00000000 00:00 0 
7fdc0f21d000-7fdc0f41d000 rw-p 00000000 00:00 0 
7fdc0f41d000-7fdc0f61d000 rw-p 00000000 00:00 0 
7fdc0f61d000-7fdc0f61e000 ---p 00000000 00:00 0 
7fdc0f61e000-7fdc0f71e000 rw-p 00000000 00:00 0 
7fdc0f71e000-7fdc0f721000 ---p 00000000 00:00 0 
7fdc0f721000-7fdc0f81f000 rw-p 00000000 00:00 0 
7fdc0f81f000-7fdc0f822000 ---p 00000000 00:00 0 
7fdc0f822000-7fdc0f920000 rw-p 00000000 00:00 0 
7fdc0f920000-7fdc0f923000 ---p 00000000 00:00 0 
7fdc0f923000-7fdc0fa21000 rw-p 00000000 00:00 0 
7fdc0fa21000-7fdc0fa24000 ---p 00000000 00:00 0 
7fdc0fa24000-7fdc0fb22000 rw-p 00000000 00:00 0 
7fdc0fb22000-7fdc0fdfe000 r--p 00000000 08:01 1184976                    /usr/lib/locale/locale-archive
7fdc0fdfe000-7fdc0fe01000 ---p 00000000 00:00 0 
7fdc0fe01000-7fdc0feff000 rw-p 00000000 00:00 0 
7fdc0feff000-7fdc0ff02000 ---p 00000000 00:00 0 
7fdc0ff02000-7fdc10000000 rw-p 00000000 00:00 0 
7fdc10000000-7fdc10021000 rw-p 00000000 00:00 0 
7fdc10021000-7fdc14000000 ---p 00000000 00:00 0 
7fdc14000000-7fdc14277000 rw-p 00000000 00:00 0 
7fdc14277000-7fdc18000000 ---p 00000000 00:00 0 
7fdc18000000-7fdc18033000 rw-p 00000000 00:00 0 
7fdc18033000-7fdc1c000000 ---p 00000000 00:00 0 
7fdc1c000000-7fdc1c002000 r--s 0000d000 08:01 145880                     /home/novabase/.m2/repository/org/apache/maven/plugins/maven-compiler-plugin/3.6.1/maven-compiler-plugin-3.6.1.jar
7fdc1c002000-7fdc1c004000 r--s 0000d000 08:01 1180941                    /home/novabase/.m2/repository/org/codehaus/plexus/plexus-interpolation/1.13/plexus-interpolation-1.13.jar
7fdc1c004000-7fdc1c005000 r--s 00001000 08:01 1460475                    /home/novabase/.m2/repository/org/sonatype/plexus/plexus-build-api/0.0.4/plexus-build-api-0.0.4.jar
7fdc1c005000-7fdc1c007000 r--s 00009000 08:01 1063757                    /home/novabase/.m2/repository/org/apache/maven/shared/maven-filtering/1.1/maven-filtering-1.1.jar
7fdc1c007000-7fdc1c00b000 r--s 00033000 08:01 1180939                    /home/novabase/.m2/repository/org/codehaus/plexus/plexus-utils/2.0.5/plexus-utils-2.0.5.jar
7fdc1c00b000-7fdc1c00e000 r--s 0001b000 08:01 417887                     /home/novabase/.m2/repository/junit/junit/3.8.1/junit-3.8.1.jar
7fdc1c00e000-7fdc1c010000 r--s 00002000 08:01 297340                     /home/novabase/.m2/repository/org/codehaus/plexus/plexus-interactivity-api/1.0-alpha-4/plexus-interactivity-api-1.0-alpha-4.jar
7fdc1c010000-7fdc1c012000 r--s 00006000 08:01 795049                     /home/novabase/.m2/repository/commons-cli/commons-cli/1.0/commons-cli-1.0.jar
7fdc1c012000-7fdc1c013000 r--s 00001000 08:01 297337                     /home/novabase/.m2/repository/org/apache/maven/doxia/doxia-sink-api/1.0-alpha-7/doxia-sink-api-1.0-alpha-7.jar
7fdc1c013000-7fdc1c014000 r--s 00002000 08:01 297335                     /home/novabase/.m2/repository/org/apache/maven/reporting/maven-reporting-api/2.0.6/maven-reporting-api-2.0.6.jar
7fdc1c014000-7fdc1c016000 r--s 00006000 08:01 795172                     /home/novabase/.m2/repository/org/apache/maven/plugins/maven-resources-plugin/2.6/maven-resources-plugin-2.6.jar
7fdc1c016000-7fdc1c01a000 r--s 00034000 08:01 1180879                    /home/novabase/.m2/repository/org/codehaus/plexus/plexus-utils/3.0/plexus-utils-3.0.jar
7fdc1c01a000-7fdc1c01c000 r--s 00005000 08:01 1063793                    /home/novabase/.m2/repository/org/apache/maven/plugins/maven-clean-plugin/2.5/maven-clean-plugin-2.5.jar
7fdc1c01c000-7fdc1c021000 r--s 0009a000 08:01 792814                     /usr/lib/jvm/java-8-openjdk-amd64/jre/lib/jsse.jar
7fdc1c021000-7fdc1c025000 r--s 00038000 08:01 1340226                    /usr/share/java/plexus-utils2.jar
7fdc1c025000-7fdc1c027000 r--s 00005000 08:01 1340021                    /usr/share/java/eclipse-aether-transport-wagon.jar
7fdc1c027000-7fdc1c02a000 r--s 0000a000 08:01 1340302                    /usr/share/java/maven3-artifact-3.3.9.jar
7fdc1c02a000-7fdc1c02b000 r--s 00000000 08:01 1339681                    /usr/share/java/geronimo-interceptor-3.0-spec-1.0.1.jar
7fdc1c02b000-7fdc1c02d000 r--s 00012000 08:01 1339687                    /usr/share/java/el-api-3.0.jar
7fdc1c02d000-7fdc1c02e000 r--s 00000000 08:01 1339668                    /usr/share/java/atinject-jsr330-api-1.0.jar
7fdc1c02e000-7fdc1c031000 r--s 00008000 08:01 1339695                    /usr/share/java/cdi-api-1.0.jar
7fdc1c031000-7fdc1c039000 r--s 00068000 08:01 1339757                    /usr/share/java/commons-lang3.jar
7fdc1c039000-7fdc1c03a000 r--s 00004000 08:01 1339667                    /usr/share/java/atinject-jsr330-tck-1.0.jar
7fdc1c03a000-7fdc1c040000 r--s 0004f000 08:01 1339925                    /usr/share/java/jsoup.jar
7fdc1c040000-7fdc1c042000 r--s 00006000 08:01 1340020                    /usr/share/java/eclipse-aether-spi.jar
7fdc1c042000-7fdc1c047000 r--s 0002e000 08:01 1339745                    /usr/share/java/commons-io.jar
7fdc1c047000-7fdc1c049000 r--s 0000a000 08:01 1339713                    /usr/share/java/commons-cli-1.3.1.jar
7fdc1c049000-7fdc1c050000 r--s 00054000 08:01 1340261                    /usr/share/java/sisu-inject.jar
7fdc1c050000-7fdc1c052000 r--s 00001000 08:01 1340038                    /usr/share/java/aopalliance-1.0.jar
7fdc1c052000-7fdc1c060000 r--s 00099000 08:01 1340052                    /usr/share/java/guice.jar
7fdc1c060000-7fdc1c06d000 r--s 0008d000 08:01 1340305                    /usr/share/java/maven3-core-3.3.9.jar
7fdc1c06d000-7fdc1c071000 r--s 00020000 08:01 1340023                    /usr/share/java/eclipse-aether-util.jar
7fdc1c071000-7fdc1c072000 r--s 00002000 08:01 1339898                    /usr/share/java/slf4j-simple.jar
7fdc1c072000-7fdc1c073000 r--s 00001000 08:01 1340273                    /usr/share/java/wagon-file-2.x.jar
7fdc1c073000-7fdc1c074000 r--s 00009000 08:01 1339892                    /usr/share/java/slf4j-api.jar
7fdc1c074000-7fdc1c07b000 r--s 0002c000 08:01 1340267                    /usr/share/java/sisu-plexus.jar
7fdc1c07b000-7fdc1c07d000 r--s 0000a000 08:01 1340303                    /usr/share/java/maven3-plugin-api-3.3.9.jar
7fdc1c07d000-7fdc1c082000 r--s 00040000 08:01 1339751                    /usr/share/java/commons-lang-2.6.jar
7fdc1c082000-7fdc1c083000 r--s 00006000 08:01 1340298                    /usr/share/java/maven3-repository-metadata-3.3.9.jar
7fdc1c083000-7fdc1c085000 r--s 00002000 08:01 1340158                    /usr/share/java/plexus-cipher.jar
7fdc1c085000-7fdc1c087000 r--s 00001000 08:01 1340304                    /usr/share/java/maven3-builder-support-3.3.9.jar
7fdc1c087000-7fdc1c089000 r--s 00000000 08:01 1340220                    /usr/share/java/plexus-component-annotations-1.5.jar
7fdc1c089000-7fdc1c0b5000 r--s 00208000 08:01 1339938                    /usr/share/java/guava.jar
7fdc1c0b5000-7fdc1c0b6000 r--s 00006000 08:01 1340164                    /usr/share/java/plexus-sec-dispatcher.jar
7fdc1c0b6000-7fdc1c0bb000 r--s 00025000 08:01 1340295                    /usr/share/java/maven3-model-builder-3.3.9.jar
7fdc1c0bb000-7fdc1c0bd000 r--s 0000a000 08:01 1340279                    /usr/share/java/wagon-provider-api-2.x.jar
7fdc1c0bd000-7fdc1c0bf000 r--s 00027000 08:01 1340296                    /usr/share/java/maven3-model-3.3.9.jar
7fdc1c0bf000-7fdc1c0c3000 r--s 00027000 08:01 1340015                    /usr/share/java/eclipse-aether-impl.jar
7fdc1c0c3000-7fdc1c0c5000 r--s 0000e000 08:01 1339854                    /usr/share/java/plexus-interpolation.jar
7fdc1c0c5000-7fdc1c0c8000 r--s 00007000 08:01 1340297                    /usr/share/java/maven3-settings-builder-3.3.9.jar
7fdc1c0c8000-7fdc1c0f9000 r--s 00212000 08:01 1340277                    /usr/share/java/wagon-http-shaded-2.x.jar
7fdc1c0f9000-7fdc1c0fa000 ---p 00000000 00:00 0 
7fdc1c0fa000-7fdc1d000000 rw-p 00000000 00:00 0 
7fdc1d000000-7fdc1dd30000 rwxp 00000000 00:00 0 
7fdc1dd30000-7fdc2c000000 ---p 00000000 00:00 0 
7fdc2c000000-7fdc2d2ff000 rw-p 00000000 00:00 0 
7fdc2d2ff000-7fdc30000000 ---p 00000000 00:00 0 
7fdc30000000-7fdc30001000 r--s 00001000 08:01 1340278                    /usr/share/java/wagon-http-shared-2.x.jar
7fdc30001000-7fdc30003000 r--s 00013000 08:01 1340301                    /usr/share/java/maven3-embedder-3.3.9.jar
7fdc30003000-7fdc30008000 r--s 0001d000 08:01 1340022                    /usr/share/java/eclipse-aether-api.jar
7fdc30008000-7fdc30009000 r--s 00008000 08:01 1340018                    /usr/share/java/eclipse-aether-connector-basic.jar
7fdc30009000-7fdc30010000 r--s 00041000 08:01 1340299                    /usr/share/java/maven3-compat-3.3.9.jar
7fdc30010000-7fdc30012000 r--s 0000d000 08:01 1340294                    /usr/share/java/maven3-aether-provider-3.3.9.jar
7fdc30012000-7fdc30014000 r--s 0000a000 08:01 1340214                    /usr/share/java/plexus-classworlds2-2.5.2.jar
7fdc30014000-7fdc30017000 r--s 0000f000 08:01 930681                     /usr/lib/jvm/java-8-openjdk-amd64/jre/lib/ext/icedtea-sound.jar
7fdc30017000-7fdc3001c000 r--s 0003b000 08:01 930686                     /usr/lib/jvm/java-8-openjdk-amd64/jre/lib/ext/sunjce_provider.jar
7fdc3001c000-7fdc30026000 r--s 00116000 08:01 930683                     /usr/lib/jvm/java-8-openjdk-amd64/jre/lib/ext/localedata.jar
7fdc30026000-7fdc30041000 r--s 001d6000 08:01 930684                     /usr/lib/jvm/java-8-openjdk-amd64/jre/lib/ext/nashorn.jar
7fdc30041000-7fdc3005c000 r--s 00394000 08:01 930679                     /usr/lib/jvm/java-8-openjdk-amd64/jre/lib/ext/cldrdata.jar
7fdc3005c000-7fdc303c2000 rw-p 00000000 00:00 0 
7fdc303c2000-7fdc30590000 r--s 03c13000 08:01 792819                     /usr/lib/jvm/java-8-openjdk-amd64/jre/lib/rt.jar
7fdc30590000-7fdc31efe000 rw-p 00000000 00:00 0 
7fdc31efe000-7fdc31eff000 ---p 00000000 00:00 0 
7fdc31eff000-7fdc31fff000 rw-p 00000000 00:00 0 
7fdc31fff000-7fdc32000000 ---p 00000000 00:00 0 
7fdc32000000-7fdc32122000 rw-p 00000000 00:00 0 
7fdc32122000-7fdc321fb000 ---p 00000000 00:00 0 
7fdc321fb000-7fdc3221d000 rw-p 00000000 00:00 0 
7fdc3221d000-7fdc322f5000 ---p 00000000 00:00 0 
7fdc322f5000-7fdc3234a000 rw-p 00000000 00:00 0 
7fdc3234a000-7fdc32373000 ---p 00000000 00:00 0 
7fdc32373000-7fdc323a9000 rw-p 00000000 00:00 0 
7fdc323a9000-7fdc32734000 ---p 00000000 00:00 0 
7fdc32734000-7fdc3273c000 r-xp 00000000 08:01 790198                     /usr/lib/jvm/java-8-openjdk-amd64/jre/lib/amd64/libzip.so
7fdc3273c000-7fdc3293b000 ---p 00008000 08:01 790198                     /usr/lib/jvm/java-8-openjdk-amd64/jre/lib/amd64/libzip.so
7fdc3293b000-7fdc3293c000 r--p 00007000 08:01 790198                     /usr/lib/jvm/java-8-openjdk-amd64/jre/lib/amd64/libzip.so
7fdc3293c000-7fdc3293d000 rw-p 00008000 08:01 790198                     /usr/lib/jvm/java-8-openjdk-amd64/jre/lib/amd64/libzip.so
7fdc3293d000-7fdc32948000 r-xp 00000000 08:01 917551                     /lib/x86_64-linux-gnu/libnss_files-2.24.so
7fdc32948000-7fdc32b47000 ---p 0000b000 08:01 917551                     /lib/x86_64-linux-gnu/libnss_files-2.24.so
7fdc32b47000-7fdc32b48000 r--p 0000a000 08:01 917551                     /lib/x86_64-linux-gnu/libnss_files-2.24.so
7fdc32b48000-7fdc32b49000 rw-p 0000b000 08:01 917551                     /lib/x86_64-linux-gnu/libnss_files-2.24.so
7fdc32b49000-7fdc32b4f000 rw-p 00000000 00:00 0 
7fdc32b4f000-7fdc32b5a000 r-xp 00000000 08:01 917553                     /lib/x86_64-linux-gnu/libnss_nis-2.24.so
7fdc32b5a000-7fdc32d59000 ---p 0000b000 08:01 917553                     /lib/x86_64-linux-gnu/libnss_nis-2.24.so
7fdc32d59000-7fdc32d5a000 r--p 0000a000 08:01 917553                     /lib/x86_64-linux-gnu/libnss_nis-2.24.so
7fdc32d5a000-7fdc32d5b000 rw-p 0000b000 08:01 917553                     /lib/x86_64-linux-gnu/libnss_nis-2.24.so
7fdc32d5b000-7fdc32d71000 r-xp 00000000 08:01 917548                     /lib/x86_64-linux-gnu/libnsl-2.24.so
7fdc32d71000-7fdc32f70000 ---p 00016000 08:01 917548                     /lib/x86_64-linux-gnu/libnsl-2.24.so
7fdc32f70000-7fdc32f71000 r--p 00015000 08:01 917548                     /lib/x86_64-linux-gnu/libnsl-2.24.so
7fdc32f71000-7fdc32f72000 rw-p 00016000 08:01 917548                     /lib/x86_64-linux-gnu/libnsl-2.24.so
7fdc32f72000-7fdc32f74000 rw-p 00000000 00:00 0 
7fdc32f74000-7fdc32f7c000 r-xp 00000000 08:01 917549                     /lib/x86_64-linux-gnu/libnss_compat-2.24.so
7fdc32f7c000-7fdc3317b000 ---p 00008000 08:01 917549                     /lib/x86_64-linux-gnu/libnss_compat-2.24.so
7fdc3317b000-7fdc3317c000 r--p 00007000 08:01 917549                     /lib/x86_64-linux-gnu/libnss_compat-2.24.so
7fdc3317c000-7fdc3317d000 rw-p 00008000 08:01 917549                     /lib/x86_64-linux-gnu/libnss_compat-2.24.so
7fdc3317d000-7fdc331aa000 r-xp 00000000 08:01 790179                     /usr/lib/jvm/java-8-openjdk-amd64/jre/lib/amd64/libjava.so
7fdc331aa000-7fdc333a9000 ---p 0002d000 08:01 790179                     /usr/lib/jvm/java-8-openjdk-amd64/jre/lib/amd64/libjava.so
7fdc333a9000-7fdc333aa000 r--p 0002c000 08:01 790179                     /usr/lib/jvm/java-8-openjdk-amd64/jre/lib/amd64/libjava.so
7fdc333aa000-7fdc333ac000 rw-p 0002d000 08:01 790179                     /usr/lib/jvm/java-8-openjdk-amd64/jre/lib/amd64/libjava.so
7fdc333ac000-7fdc333bb000 r-xp 00000000 08:01 790197                     /usr/lib/jvm/java-8-openjdk-amd64/jre/lib/amd64/libverify.so
7fdc333bb000-7fdc335bb000 ---p 0000f000 08:01 790197                     /usr/lib/jvm/java-8-openjdk-amd64/jre/lib/amd64/libverify.so
7fdc335bb000-7fdc335bd000 r--p 0000f000 08:01 790197                     /usr/lib/jvm/java-8-openjdk-amd64/jre/lib/amd64/libverify.so
7fdc335bd000-7fdc335be000 rw-p 00011000 08:01 790197                     /usr/lib/jvm/java-8-openjdk-amd64/jre/lib/amd64/libverify.so
7fdc335be000-7fdc335c5000 r-xp 00000000 08:01 922898                     /lib/x86_64-linux-gnu/librt-2.24.so
7fdc335c5000-7fdc337c4000 ---p 00007000 08:01 922898                     /lib/x86_64-linux-gnu/librt-2.24.so
7fdc337c4000-7fdc337c5000 r--p 00006000 08:01 922898                     /lib/x86_64-linux-gnu/librt-2.24.so
7fdc337c5000-7fdc337c6000 rw-p 00007000 08:01 922898                     /lib/x86_64-linux-gnu/librt-2.24.so
7fdc337c6000-7fdc337dc000 r-xp 00000000 08:01 923076                     /lib/x86_64-linux-gnu/libgcc_s.so.1
7fdc337dc000-7fdc339db000 ---p 00016000 08:01 923076                     /lib/x86_64-linux-gnu/libgcc_s.so.1
7fdc339db000-7fdc339dc000 r--p 00015000 08:01 923076                     /lib/x86_64-linux-gnu/libgcc_s.so.1
7fdc339dc000-7fdc339dd000 rw-p 00016000 08:01 923076                     /lib/x86_64-linux-gnu/libgcc_s.so.1
7fdc339dd000-7fdc33ae5000 r-xp 00000000 08:01 917545                     /lib/x86_64-linux-gnu/libm-2.24.so
7fdc33ae5000-7fdc33ce4000 ---p 00108000 08:01 917545                     /lib/x86_64-linux-gnu/libm-2.24.so
7fdc33ce4000-7fdc33ce5000 r--p 00107000 08:01 917545                     /lib/x86_64-linux-gnu/libm-2.24.so
7fdc33ce5000-7fdc33ce6000 rw-p 00108000 08:01 917545                     /lib/x86_64-linux-gnu/libm-2.24.so
7fdc33ce6000-7fdc33e5f000 r-xp 00000000 08:01 1186287                    /usr/lib/x86_64-linux-gnu/libstdc++.so.6.0.22
7fdc33e5f000-7fdc3405e000 ---p 00179000 08:01 1186287                    /usr/lib/x86_64-linux-gnu/libstdc++.so.6.0.22
7fdc3405e000-7fdc34068000 r--p 00178000 08:01 1186287                    /usr/lib/x86_64-linux-gnu/libstdc++.so.6.0.22
7fdc34068000-7fdc3406a000 rw-p 00182000 08:01 1186287                    /usr/lib/x86_64-linux-gnu/libstdc++.so.6.0.22
7fdc3406a000-7fdc3406e000 rw-p 00000000 00:00 0 
7fdc3406e000-7fdc34cc8000 r-xp 00000000 08:01 790201                     /usr/lib/jvm/java-8-openjdk-amd64/jre/lib/amd64/server/libjvm.so
7fdc34cc8000-7fdc34ec7000 ---p 00c5a000 08:01 790201                     /usr/lib/jvm/java-8-openjdk-amd64/jre/lib/amd64/server/libjvm.so
7fdc34ec7000-7fdc34f5a000 r--p 00c59000 08:01 790201                     /usr/lib/jvm/java-8-openjdk-amd64/jre/lib/amd64/server/libjvm.so
7fdc34f5a000-7fdc34f83000 rw-p 00cec000 08:01 790201                     /usr/lib/jvm/java-8-openjdk-amd64/jre/lib/amd64/server/libjvm.so
7fdc34f83000-7fdc34fb3000 rw-p 00000000 00:00 0 
7fdc34fb3000-7fdc34fcb000 r-xp 00000000 08:01 922554                     /lib/x86_64-linux-gnu/libpthread-2.24.so
7fdc34fcb000-7fdc351cb000 ---p 00018000 08:01 922554                     /lib/x86_64-linux-gnu/libpthread-2.24.so
7fdc351cb000-7fdc351cc000 r--p 00018000 08:01 922554                     /lib/x86_64-linux-gnu/libpthread-2.24.so
7fdc351cc000-7fdc351cd000 rw-p 00019000 08:01 922554                     /lib/x86_64-linux-gnu/libpthread-2.24.so
7fdc351cd000-7fdc351d1000 rw-p 00000000 00:00 0 
7fdc351d1000-7fdc351d4000 r-xp 00000000 08:01 917544                     /lib/x86_64-linux-gnu/libdl-2.24.so
7fdc351d4000-7fdc353d3000 ---p 00003000 08:01 917544                     /lib/x86_64-linux-gnu/libdl-2.24.so
7fdc353d3000-7fdc353d4000 r--p 00002000 08:01 917544                     /lib/x86_64-linux-gnu/libdl-2.24.so
7fdc353d4000-7fdc353d5000 rw-p 00003000 08:01 917544                     /lib/x86_64-linux-gnu/libdl-2.24.so
7fdc353d5000-7fdc353f0000 r-xp 00000000 08:01 923213                     /lib/x86_64-linux-gnu/libz.so.1.2.11
7fdc353f0000-7fdc355ef000 ---p 0001b000 08:01 923213                     /lib/x86_64-linux-gnu/libz.so.1.2.11
7fdc355ef000-7fdc355f0000 r--p 0001a000 08:01 923213                     /lib/x86_64-linux-gnu/libz.so.1.2.11
7fdc355f0000-7fdc355f1000 rw-p 0001b000 08:01 923213                     /lib/x86_64-linux-gnu/libz.so.1.2.11
7fdc355f1000-7fdc357af000 r-xp 00000000 08:01 917541                     /lib/x86_64-linux-gnu/libc-2.24.so
7fdc357af000-7fdc359ae000 ---p 001be000 08:01 917541                     /lib/x86_64-linux-gnu/libc-2.24.so
7fdc359ae000-7fdc359b2000 r--p 001bd000 08:01 917541                     /lib/x86_64-linux-gnu/libc-2.24.so
7fdc359b2000-7fdc359b4000 rw-p 001c1000 08:01 917541                     /lib/x86_64-linux-gnu/libc-2.24.so
7fdc359b4000-7fdc359b8000 rw-p 00000000 00:00 0 
7fdc359b8000-7fdc359c5000 r-xp 00000000 08:01 790165                     /usr/lib/jvm/java-8-openjdk-amd64/jre/lib/amd64/jli/libjli.so
7fdc359c5000-7fdc35bc5000 ---p 0000d000 08:01 790165                     /usr/lib/jvm/java-8-openjdk-amd64/jre/lib/amd64/jli/libjli.so
7fdc35bc5000-7fdc35bc6000 r--p 0000d000 08:01 790165                     /usr/lib/jvm/java-8-openjdk-amd64/jre/lib/amd64/jli/libjli.so
7fdc35bc6000-7fdc35bc7000 rw-p 0000e000 08:01 790165                     /usr/lib/jvm/java-8-openjdk-amd64/jre/lib/amd64/jli/libjli.so
7fdc35bc7000-7fdc35bed000 r-xp 00000000 08:01 917518                     /lib/x86_64-linux-gnu/ld-2.24.so
7fdc35bed000-7fdc35bef000 r--s 00007000 08:01 1319769                    /usr/share/java/java-atk-wrapper.jar
7fdc35bef000-7fdc35bf1000 r--s 00001000 08:01 930680                     /usr/lib/jvm/java-8-openjdk-amd64/jre/lib/ext/dnsns.jar
7fdc35bf1000-7fdc35cd1000 rw-p 00000000 00:00 0 
7fdc35cd1000-7fdc35cd4000 ---p 00000000 00:00 0 
7fdc35cd4000-7fdc35dd6000 rw-p 00000000 00:00 0 
7fdc35dd6000-7fdc35dd7000 r--s 0000a000 08:01 1340300                    /usr/share/java/maven3-settings-3.3.9.jar
7fdc35dd7000-7fdc35dd8000 r--s 00010000 08:01 930688                     /usr/lib/jvm/java-8-openjdk-amd64/jre/lib/ext/zipfs.jar
7fdc35dd8000-7fdc35ddc000 r--s 00037000 08:01 930687                     /usr/lib/jvm/java-8-openjdk-amd64/jre/lib/ext/sunpkcs11.jar
7fdc35ddc000-7fdc35ddd000 r--s 0000a000 08:01 930682                     /usr/lib/jvm/java-8-openjdk-amd64/jre/lib/ext/jaccess.jar
7fdc35ddd000-7fdc35ddf000 r--s 00008000 08:01 930685                     /usr/lib/jvm/java-8-openjdk-amd64/jre/lib/ext/sunec.jar
7fdc35ddf000-7fdc35de7000 rw-s 00000000 08:01 795424                     /tmp/hsperfdata_novabase/6212
7fdc35de7000-7fdc35de8000 rw-p 00000000 00:00 0 
7fdc35de8000-7fdc35de9000 ---p 00000000 00:00 0 
7fdc35de9000-7fdc35dec000 rw-p 00000000 00:00 0 
7fdc35dec000-7fdc35ded000 r--p 00025000 08:01 917518                     /lib/x86_64-linux-gnu/ld-2.24.so
7fdc35ded000-7fdc35dee000 rw-p 00026000 08:01 917518                     /lib/x86_64-linux-gnu/ld-2.24.so
7fdc35dee000-7fdc35def000 rw-p 00000000 00:00 0 
7ffce06ed000-7ffce070e000 rw-p 00000000 00:00 0                          [stack]
7ffce07f7000-7ffce07f9000 r--p 00000000 00:00 0                          [vvar]
7ffce07f9000-7ffce07fb000 r-xp 00000000 00:00 0                          [vdso]
ffffffffff600000-ffffffffff601000 r-xp 00000000 00:00 0                  [vsyscall]

VM Arguments:
jvm_args: -Dclassworlds.conf=/usr/share/maven/bin/m2.conf -Dmaven.home=/usr/share/maven -Dmaven.multiModuleProjectDirectory=/home/novabase/java-bank 
java_command: org.codehaus.plexus.classworlds.launcher.Launcher clean -Dmaven.test.skip=true tomcat7:redeploy
java_class_path (initial): /usr/share/maven/boot/plexus-classworlds-2.x.jar
Launcher Type: SUN_STANDARD

Environment Variables:
JAVA_HOME=/usr/lib/jvm/java-8-openjdk-amd64
PATH=/home/novabase/.local/share/umake/bin:/home/novabase/.local/share/umake/bin:/usr/local/sbin:/usr/local/bin:/usr/sbin:/usr/bin:/sbin:/bin:/usr/games:/usr/local/games:/snap/bin:/snap/bin
LD_LIBRARY_PATH=/home/novabase/.local/share/umake/ide/idea-ultimate/bin:
SHELL=/bin/bash
DISPLAY=:0.0

Signal Handlers:
SIGSEGV: [libjvm.so+0xa70490], sa_mask[0]=11111111011111111101111111111110, sa_flags=SA_RESTART|SA_SIGINFO
SIGBUS: [libjvm.so+0xa70490], sa_mask[0]=11111111011111111101111111111110, sa_flags=SA_RESTART|SA_SIGINFO
SIGFPE: [libjvm.so+0x8b9fc0], sa_mask[0]=11111111011111111101111111111110, sa_flags=SA_RESTART|SA_SIGINFO
SIGPIPE: [libjvm.so+0x8b9fc0], sa_mask[0]=11111111011111111101111111111110, sa_flags=SA_RESTART|SA_SIGINFO
SIGXFSZ: [libjvm.so+0x8b9fc0], sa_mask[0]=11111111011111111101111111111110, sa_flags=SA_RESTART|SA_SIGINFO
SIGILL: [libjvm.so+0x8b9fc0], sa_mask[0]=11111111011111111101111111111110, sa_flags=SA_RESTART|SA_SIGINFO
SIGUSR1: SIG_DFL, sa_mask[0]=00000000000000000000000000000000, sa_flags=none
SIGUSR2: [libjvm.so+0x8b9e70], sa_mask[0]=00100000000000000000000000000000, sa_flags=SA_RESTART|SA_SIGINFO
SIGHUP: [libjvm.so+0x8ba320], sa_mask[0]=11111111011111111101111111111110, sa_flags=SA_RESTART|SA_SIGINFO
SIGINT: [libjvm.so+0x8ba320], sa_mask[0]=11111111011111111101111111111110, sa_flags=SA_RESTART|SA_SIGINFO
SIGTERM: [libjvm.so+0x8ba320], sa_mask[0]=11111111011111111101111111111110, sa_flags=SA_RESTART|SA_SIGINFO
SIGQUIT: [libjvm.so+0x8ba320], sa_mask[0]=11111111011111111101111111111110, sa_flags=SA_RESTART|SA_SIGINFO


---------------  S Y S T E M  ---------------

OS:DISTRIB_ID=Ubuntu
DISTRIB_RELEASE=17.04
DISTRIB_CODENAME=zesty
DISTRIB_DESCRIPTION="Ubuntu 17.04"

uname:Linux 4.10.0-33-generic #37-Ubuntu SMP Fri Aug 11 10:55:28 UTC 2017 x86_64
libc:glibc 2.24 NPTL 2.24 
rlimit: STACK 8192k, CORE 0k, NPROC 11844, NOFILE 1048576, AS infinity
load average:0,85 0,88 0,64

/proc/meminfo:
MemTotal:        3077980 kB
MemFree:           56920 kB
MemAvailable:          0 kB
Buffers:             388 kB
Cached:            23924 kB
SwapCached:        18960 kB
Active:          2314956 kB
Inactive:         587060 kB
Active(anon):    2310388 kB
Inactive(anon):   577612 kB
Active(file):       4568 kB
Inactive(file):     9448 kB
Unevictable:          32 kB
Mlocked:              32 kB
SwapTotal:       1214880 kB
SwapFree:              0 kB
Dirty:               124 kB
Writeback:          1924 kB
AnonPages:       2859884 kB
Mapped:            17976 kB
Shmem:             10052 kB
Slab:              47080 kB
SReclaimable:      22584 kB
SUnreclaim:        24496 kB
KernelStack:        7600 kB
PageTables:        34800 kB
NFS_Unstable:          0 kB
Bounce:                0 kB
WritebackTmp:          0 kB
CommitLimit:     2753868 kB
Committed_AS:    5994680 kB
VmallocTotal:   34359738367 kB
VmallocUsed:           0 kB
VmallocChunk:          0 kB
HardwareCorrupted:     0 kB
AnonHugePages:   1370112 kB
ShmemHugePages:        0 kB
ShmemPmdMapped:        0 kB
CmaTotal:              0 kB
CmaFree:               0 kB
HugePages_Total:       0
HugePages_Free:        0
HugePages_Rsvd:        0
HugePages_Surp:        0
Hugepagesize:       2048 kB
DirectMap4k:      106432 kB
DirectMap2M:     3039232 kB


CPU:total 2 (initial active 2) (2 cores per cpu, 1 threads per core) family 6 model 61 stepping 4, cmov, cx8, fxsr, mmx, sse, sse2, sse3, ssse3, sse4.1, sse4.2, popcnt, avx, aes, clmul, 3dnowpref, lzcnt, tsc, tscinvbit

/proc/cpuinfo:
processor	: 0
vendor_id	: GenuineIntel
cpu family	: 6
model		: 61
model name	: Intel(R) Core(TM) i5-5200U CPU @ 2.20GHz
stepping	: 4
cpu MHz		: 2194.916
cache size	: 3072 KB
physical id	: 0
siblings	: 2
core id		: 0
cpu cores	: 2
apicid		: 0
initial apicid	: 0
fpu		: yes
fpu_exception	: yes
cpuid level	: 20
wp		: yes
flags		: fpu vme de pse tsc msr pae mce cx8 apic sep mtrr pge mca cmov pat pse36 clflush mmx fxsr sse sse2 ht syscall nx rdtscp lm constant_tsc rep_good nopl xtopology nonstop_tsc pni pclmulqdq ssse3 cx16 sse4_1 sse4_2 x2apic movbe popcnt aes xsave avx rdrand hypervisor lahf_lm abm 3dnowprefetch rdseed
bugs		:
bogomips	: 4389.83
clflush size	: 64
cache_alignment	: 64
address sizes	: 39 bits physical, 48 bits virtual
power management:

processor	: 1
vendor_id	: GenuineIntel
cpu family	: 6
model		: 61
model name	: Intel(R) Core(TM) i5-5200U CPU @ 2.20GHz
stepping	: 4
cpu MHz		: 2194.916
cache size	: 3072 KB
physical id	: 0
siblings	: 2
core id		: 1
cpu cores	: 2
apicid		: 1
initial apicid	: 1
fpu		: yes
fpu_exception	: yes
cpuid level	: 20
wp		: yes
flags		: fpu vme de pse tsc msr pae mce cx8 apic sep mtrr pge mca cmov pat pse36 clflush mmx fxsr sse sse2 ht syscall nx rdtscp lm constant_tsc rep_good nopl xtopology nonstop_tsc pni pclmulqdq ssse3 cx16 sse4_1 sse4_2 x2apic movbe popcnt aes xsave avx rdrand hypervisor lahf_lm abm 3dnowprefetch rdseed
bugs		:
bogomips	: 4389.83
clflush size	: 64
cache_alignment	: 64
address sizes	: 39 bits physical, 48 bits virtual
power management:



Memory: 4k page, physical 3077980k(56728k free), swap 1214880k(0k free)

vm_info: OpenJDK 64-Bit Server VM (25.131-b11) for linux-amd64 JRE (1.8.0_131-8u131-b11-2ubuntu1.17.04.3-b11), built on Jul 27 2017 21:26:44 by "buildd" with gcc 6.3.0 20170406

time: Mon Oct 23 11:35:09 2017
elapsed time: 16 seconds (0d 0h 0m 16s)

